android/app/build/intermediates/manifest_merge_blame_file/release/manifest-merger-blame-release-report.txt
1<?xml version="1.0" encoding="utf-8"?>
2<manifest xmlns:android="http://schemas.android.com/apk/res/android"
3    package="com.moqc"
4    android:versionCode="13"
5    android:versionName="5.1.1" >
6
7    <uses-sdk
8        android:minSdkVersion="21"
8-->src/main/AndroidManifest.xml
9        android:targetSdkVersion="34" />
9-->src/main/AndroidManifest.xml
10
11    <uses-permission android:name="android.permission.INTERNET" />
11-->src/main/AndroidManifest.xml:2:5-67
11-->src/main/AndroidManifest.xml:2:22-64
12    <uses-permission android:name="android.permission.READ_EXTERNAL_STORAGE" />
12-->src/main/AndroidManifest.xml:3:5-79
12-->src/main/AndroidManifest.xml:3:22-77
13    <uses-permission android:name="android.permission.WRITE_EXTERNAL_STORAGE" />
13-->src/main/AndroidManifest.xml:4:5-81
13-->src/main/AndroidManifest.xml:4:22-78
14    <uses-permission android:name="android.permission.WRITE_INTERNAL_STORAGE" />
14-->src/main/AndroidManifest.xml:5:5-81
14-->src/main/AndroidManifest.xml:5:22-78
15    <uses-permission android:name="android.permission.DOWNLOAD_WITHOUT_NOTIFICATION" />
15-->src/main/AndroidManifest.xml:6:5-88
15-->src/main/AndroidManifest.xml:6:22-85
16
17    <uses-feature
17-->src/main/AndroidManifest.xml:7:5-98
18        android:name="android.hardware.sensor.accelerometer"
18-->src/main/AndroidManifest.xml:7:19-71
19        android:required="true" />
19-->src/main/AndroidManifest.xml:7:72-95
20
21    <uses-permission android:name="android.permission.ACCESS_NETWORK_STATE" />
21-->src/main/AndroidManifest.xml:8:5-79
21-->src/main/AndroidManifest.xml:8:22-76
22    <uses-permission android:name="android.permission.RECORD_AUDIO" />
22-->src/main/AndroidManifest.xml:9:5-71
22-->src/main/AndroidManifest.xml:9:22-68
23    <uses-permission android:name="android.permission.CAMERA" />
23-->src/main/AndroidManifest.xml:10:5-65
23-->src/main/AndroidManifest.xml:10:22-62
24    <uses-permission android:name="android.permission.ACCESS_FINE_LOCATION" />
24-->src/main/AndroidManifest.xml:11:5-79
24-->src/main/AndroidManifest.xml:11:22-76
25    <uses-permission android:name="android.permission.READ_MEDIA_IMAGES" />
25-->src/main/AndroidManifest.xml:14:5-76
25-->src/main/AndroidManifest.xml:14:22-73
26
27    <uses-feature
27-->src/main/AndroidManifest.xml:15:5-85
28        android:name="android.hardware.camera"
28-->src/main/AndroidManifest.xml:15:19-57
29        android:required="false" />
29-->src/main/AndroidManifest.xml:15:58-82
30    <uses-feature
30-->src/main/AndroidManifest.xml:16:5-91
31        android:name="android.hardware.camera.front"
31-->src/main/AndroidManifest.xml:16:19-63
32        android:required="false" />
32-->src/main/AndroidManifest.xml:16:64-88
33
34    <uses-permission android:name="android.permission.ACCESS_COARSE_LOCATION" />
34-->src/main/AndroidManifest.xml:20:1-77
34-->src/main/AndroidManifest.xml:20:18-74
35
36    <!-- Required to access Google Play Licensing -->
37    <uses-permission android:name="com.android.vending.CHECK_LICENSE" />
37-->[:rn-fetch-blob] AndroidManifest.xml:8:5-73
37-->[:rn-fetch-blob] AndroidManifest.xml:8:22-70
38    <!--
39         Required to keep CPU alive while downloading files
40        (NOT to keep screen awake)
41    -->
42    <uses-permission android:name="android.permission.WAKE_LOCK" /> <!-- Required to check whether Wi-Fi is enabled -->
42-->[:rn-fetch-blob] AndroidManifest.xml:17:5-68
42-->[:rn-fetch-blob] AndroidManifest.xml:17:22-65
43    <uses-permission android:name="android.permission.ACCESS_WIFI_STATE" />
43-->[:rn-fetch-blob] AndroidManifest.xml:26:5-76
43-->[:rn-fetch-blob] AndroidManifest.xml:26:22-73
44
45    <application
45-->src/main/AndroidManifest.xml:21:5-45:19
46        android:name="com.moqc.MainApplication"
46-->src/main/AndroidManifest.xml:23:7-38
47        android:allowBackup="false"
47-->src/main/AndroidManifest.xml:29:7-34
48        android:appComponentFactory="androidx.core.app.CoreComponentFactory"
48-->[androidx.core:core:1.3.1] AndroidManifest.xml:24:18-86
49        android:hardwareAccelerated="true"
49-->src/main/AndroidManifest.xml:24:7-41
50        android:icon="@mipmap/ic_launcher"
50-->src/main/AndroidManifest.xml:27:7-41
51        android:label="@string/app_name"
51-->src/main/AndroidManifest.xml:26:7-39
52        android:largeHeap="true"
52-->src/main/AndroidManifest.xml:22:5-29
53        android:requestLegacyExternalStorage="true"
53-->src/main/AndroidManifest.xml:25:7-50
54        android:roundIcon="@mipmap/ic_launcher"
54-->src/main/AndroidManifest.xml:28:7-46
55        android:theme="@style/AppTheme" >
55-->src/main/AndroidManifest.xml:30:7-38
56        <activity
56-->src/main/AndroidManifest.xml:31:7-43:12
57            android:name="com.moqc.MainActivity"
57-->src/main/AndroidManifest.xml:32:3-31
58            android:configChanges="keyboard|keyboardHidden|orientation|screenSize|uiMode"
58-->src/main/AndroidManifest.xml:34:3-80
59            android:exported="true"
59-->src/main/AndroidManifest.xml:38:3-26
60            android:hardwareAccelerated="true"
60-->src/main/AndroidManifest.xml:36:3-37
61            android:label="@string/app_name"
61-->src/main/AndroidManifest.xml:33:3-35
62            android:launchMode="singleTask"
62-->src/main/AndroidManifest.xml:35:3-34
63            android:windowSoftInputMode="adjustResize" >
63-->src/main/AndroidManifest.xml:37:3-45
64            <intent-filter>
64-->src/main/AndroidManifest.xml:39:3-42:19
65                <action android:name="android.intent.action.MAIN" />
65-->src/main/AndroidManifest.xml:40:7-59
65-->src/main/AndroidManifest.xml:40:15-56
66
67                <category android:name="android.intent.category.LAUNCHER" />
67-->src/main/AndroidManifest.xml:41:7-67
67-->src/main/AndroidManifest.xml:41:17-64
68            </intent-filter>
69        </activity>
70        <activity
70-->[:react-native-customized-image-picker] AndroidManifest.xml:8:9-12:58
71            android:name="cn.finalteam.rxgalleryfinal.ui.activity.MediaActivity"
71-->[:react-native-customized-image-picker] AndroidManifest.xml:9:13-81
72            android:exported="true"
72-->[:react-native-customized-image-picker] AndroidManifest.xml:10:13-36
73            android:screenOrientation="portrait"
73-->[:react-native-customized-image-picker] AndroidManifest.xml:11:13-49
74            android:theme="@style/Theme_Light.Default" />
74-->[:react-native-customized-image-picker] AndroidManifest.xml:12:13-55
75        <activity
75-->[:react-native-customized-image-picker] AndroidManifest.xml:13:9-16:58
76            android:name="com.yalantis.ucrop.UCropActivity"
76-->[:react-native-customized-image-picker] AndroidManifest.xml:14:13-60
77            android:screenOrientation="portrait"
77-->[:react-native-customized-image-picker] AndroidManifest.xml:15:13-49
78            android:theme="@style/Theme_Light.Default" />
78-->[:react-native-customized-image-picker] AndroidManifest.xml:16:13-55
79        <activity android:name="com.masteratul.exceptionhandler.DefaultErrorScreen" >
79-->[:react-native-exception-handler] AndroidManifest.xml:8:9-9:20
79-->[:react-native-exception-handler] AndroidManifest.xml:8:19-84
80        </activity>
81
82        <provider
82-->[:react-native-image-picker] AndroidManifest.xml:8:9-16:20
83            android:name="com.imagepicker.ImagePickerProvider"
83-->[:react-native-image-picker] AndroidManifest.xml:9:13-63
84            android:authorities="com.moqc.imagepickerprovider"
84-->[:react-native-image-picker] AndroidManifest.xml:10:13-71
85            android:exported="false"
85-->[:react-native-image-picker] AndroidManifest.xml:11:13-37
86            android:grantUriPermissions="true" >
86-->[:react-native-image-picker] AndroidManifest.xml:12:13-47
87            <meta-data
87-->[:react-native-image-picker] AndroidManifest.xml:13:13-15:70
88                android:name="android.support.FILE_PROVIDER_PATHS"
88-->[:react-native-image-picker] AndroidManifest.xml:14:17-67
89                android:resource="@xml/imagepicker_provider_paths" />
89-->[:react-native-image-picker] AndroidManifest.xml:15:17-67
90        </provider>
91        <provider
91-->[:react-native-webview] AndroidManifest.xml:8:9-16:20
92            android:name="com.reactnativecommunity.webview.RNCWebViewFileProvider"
92-->[:react-native-webview] AndroidManifest.xml:9:13-83
93            android:authorities="com.moqc.fileprovider"
93-->[:react-native-webview] AndroidManifest.xml:10:13-64
94            android:exported="false"
94-->[:react-native-webview] AndroidManifest.xml:11:13-37
95            android:grantUriPermissions="true" >
95-->[:react-native-webview] AndroidManifest.xml:12:13-47
96            <meta-data
96-->[:react-native-image-picker] AndroidManifest.xml:13:13-15:70
97                android:name="android.support.FILE_PROVIDER_PATHS"
97-->[:react-native-image-picker] AndroidManifest.xml:14:17-67
98                android:resource="@xml/file_provider_paths" />
98-->[:react-native-image-picker] AndroidManifest.xml:15:17-67
99        </provider>
100        <provider
100-->[:rn-fetch-blob] AndroidManifest.xml:32:9-40:20
101            android:name="com.RNFetchBlob.Utils.FileProvider"
101-->[:rn-fetch-blob] AndroidManifest.xml:33:13-62
102            android:authorities="com.moqc.provider"
102-->[:rn-fetch-blob] AndroidManifest.xml:34:13-60
103            android:exported="false"
103-->[:rn-fetch-blob] AndroidManifest.xml:35:13-37
104            android:grantUriPermissions="true" >
104-->[:rn-fetch-blob] AndroidManifest.xml:36:13-47
105            <meta-data
105-->[:react-native-image-picker] AndroidManifest.xml:13:13-15:70
106                android:name="android.support.FILE_PROVIDER_PATHS"
106-->[:react-native-image-picker] AndroidManifest.xml:14:17-67
107                android:resource="@xml/provider_paths" />
107-->[:react-native-image-picker] AndroidManifest.xml:15:17-67
108        </provider>
109
110        <activity
110-->[com.google.android.gms:play-services-base:18.1.0] AndroidManifest.xml:20:9-22:45
111            android:name="com.google.android.gms.common.api.GoogleApiActivity"
111-->[com.google.android.gms:play-services-base:18.1.0] AndroidManifest.xml:20:19-85
112            android:exported="false"
112-->[com.google.android.gms:play-services-base:18.1.0] AndroidManifest.xml:22:19-43
113            android:theme="@android:style/Theme.Translucent.NoTitleBar" />
113-->[com.google.android.gms:play-services-base:18.1.0] AndroidManifest.xml:21:19-78
114
115        <meta-data
115-->[com.google.android.gms:play-services-basement:18.1.0] AndroidManifest.xml:21:9-23:69
116            android:name="com.google.android.gms.version"
116-->[com.google.android.gms:play-services-basement:18.1.0] AndroidManifest.xml:22:13-58
117            android:value="@integer/google_play_services_version" />
117-->[com.google.android.gms:play-services-basement:18.1.0] AndroidManifest.xml:23:13-66
118
119        <provider
119-->[com.github.shijingsh:fileprovider:1.1.0] AndroidManifest.xml:12:9-20:20
120            android:name="com.zhy.base.fileprovider.MgFileProvider"
120-->[com.github.shijingsh:fileprovider:1.1.0] AndroidManifest.xml:13:13-68
121            android:authorities="com.moqc.android7.mg.fileprovider"
121-->[com.github.shijingsh:fileprovider:1.1.0] AndroidManifest.xml:14:13-76
122            android:exported="false"
122-->[com.github.shijingsh:fileprovider:1.1.0] AndroidManifest.xml:15:13-37
123            android:grantUriPermissions="true" >
123-->[com.github.shijingsh:fileprovider:1.1.0] AndroidManifest.xml:16:13-47
124            <meta-data
124-->[:react-native-image-picker] AndroidManifest.xml:13:13-15:70
125                android:name="android.support.FILE_PROVIDER_PATHS"
125-->[:react-native-image-picker] AndroidManifest.xml:14:17-67
126                android:resource="@xml/mg_file_paths" />
126-->[:react-native-image-picker] AndroidManifest.xml:15:17-67
127        </provider>
128    </application>
129
130</manifest>